d:\cppprojects\repos\neural_net\neural_net\neural_net\debug\neural_net.pch
d:\cppprojects\repos\neural_net\neural_net\neural_net\debug\vc141.pdb
d:\cppprojects\repos\neural_net\neural_net\neural_net\debug\vc141.idb
d:\cppprojects\repos\neural_net\neural_net\neural_net\debug\stdafx.obj
d:\cppprojects\repos\neural_net\neural_net\neural_net\debug\main.obj
d:\cppprojects\repos\neural_net\neural_net\neural_net\debug\net.obj
d:\cppprojects\repos\neural_net\neural_net\neural_net\debug\neuron.obj
d:\cppprojects\repos\neural_net\neural_net\neural_net\debug\trainingset.obj
d:\cppprojects\repos\neural_net\neural_net\debug\neural_net.ilk
d:\cppprojects\repos\neural_net\neural_net\debug\neural_net.exe
d:\cppprojects\repos\neural_net\neural_net\debug\neural_net.pdb
d:\cppprojects\repos\neural_net\neural_net\debug\main.obj
d:\cppprojects\repos\neural_net\neural_net\debug\net.obj
d:\cppprojects\repos\neural_net\neural_net\debug\neuron.obj
d:\cppprojects\repos\neural_net\neural_net\debug\stdafx.obj
d:\cppprojects\repos\neural_net\neural_net\debug\trainingset.obj
d:\cppprojects\repos\neural_net\neural_net\debug\neural_net.pch
d:\cppprojects\repos\neural_net\neural_net\debug\vc141.idb
d:\cppprojects\repos\neural_net\neural_net\debug\vc141.pdb
d:\cppprojects\repos\neural_net\debug\neural_net.pdb
d:\cppprojects\repos\neural_net\debug\neural_net.exe
d:\cppprojects\repos\neural_net\debug\neural_net.ilk
d:\cppprojects\repos\neural_net\neural_net\debug\neural_net.tlog\cl.command.1.tlog
d:\cppprojects\repos\neural_net\neural_net\debug\neural_net.tlog\cl.read.1.tlog
d:\cppprojects\repos\neural_net\neural_net\debug\neural_net.tlog\cl.write.1.tlog
d:\cppprojects\repos\neural_net\neural_net\debug\neural_net.tlog\link.command.1.tlog
d:\cppprojects\repos\neural_net\neural_net\debug\neural_net.tlog\link.read.1.tlog
d:\cppprojects\repos\neural_net\neural_net\debug\neural_net.tlog\link.write.1.tlog
